# JRE version: OpenJDK Runtime Environment Corretto-11.0.22.7.1 (11.0.22+7) (build 11.0.22+7-LTS)
# Java VM: OpenJDK 64-Bit Server VM Corretto-11.0.22.7.1 (11.0.22+7-LTS, mixed mode, tiered, compressed oops, g1 gc, windows-amd64)
Heap:
 garbage-first heap   total 262144K, used 67700K [0x0000000700a00000, 0x0000000800000000)
  region size 1024K, 61 young (62464K), 8 survivors (8192K)
 Metaspace       used 40860K, capacity 42185K, committed 42368K, reserved 1085440K
  class space    used 4959K, capacity 5495K, committed 5504K, reserved 1048576K
GC Heap History (12 events):
Event: 0.928 GC heap before
{Heap before GC invocations=0 (full 0):
 garbage-first heap   total 262144K, used 14336K [0x0000000700a00000, 0x0000000800000000)
  region size 1024K, 14 young (14336K), 0 survivors (0K)
 Metaspace       used 9539K, capacity 9748K, committed 9984K, reserved 1058816K
  class space    used 870K, capacity 934K, committed 1024K, reserved 1048576K
}
Event: 0.933 GC heap after
{Heap after GC invocations=1 (full 0):
 garbage-first heap   total 262144K, used 6764K [0x0000000700a00000, 0x0000000800000000)
  region size 1024K, 2 young (2048K), 2 survivors (2048K)
 Metaspace       used 9539K, capacity 9748K, committed 9984K, reserved 1058816K
  class space    used 870K, capacity 934K, committed 1024K, reserved 1048576K
}
Event: 1.185 GC heap before
{Heap before GC invocations=1 (full 0):
 garbage-first heap   total 262144K, used 17004K [0x0000000700a00000, 0x0000000800000000)
  region size 1024K, 12 young (12288K), 2 survivors (2048K)
 Metaspace       used 11044K, capacity 11403K, committed 11520K, reserved 1058816K
  class space    used 1089K, capacity 1237K, committed 1280K, reserved 1048576K
}
Event: 1.188 GC heap after
{Heap after GC invocations=2 (full 0):
 garbage-first heap   total 262144K, used 7190K [0x0000000700a00000, 0x0000000800000000)
  region size 1024K, 1 young (1024K), 1 survivors (1024K)
 Metaspace       used 11044K, capacity 11403K, committed 11520K, reserved 1058816K
  class space    used 1089K, capacity 1237K, committed 1280K, reserved 1048576K
}
Event: 1.870 GC heap before
{Heap before GC invocations=2 (full 0):
 garbage-first heap   total 262144K, used 34838K [0x0000000700a00000, 0x0000000800000000)
  region size 1024K, 28 young (28672K), 1 survivors (1024K)
 Metaspace       used 16878K, capacity 17494K, committed 17664K, reserved 1064960K
  class space    used 1749K, capacity 1952K, committed 2048K, reserved 1048576K
}
Event: 1.872 GC heap after
{Heap after GC invocations=3 (full 0):
 garbage-first heap   total 262144K, used 9090K [0x0000000700a00000, 0x0000000800000000)
  region size 1024K, 3 young (3072K), 3 survivors (3072K)
 Metaspace       used 16878K, capacity 17494K, committed 17664K, reserved 1064960K
  class space    used 1749K, capacity 1952K, committed 2048K, reserved 1048576K
}
Event: 2.317 GC heap before
{Heap before GC invocations=3 (full 0):
 garbage-first heap   total 262144K, used 31618K [0x0000000700a00000, 0x0000000800000000)
  region size 1024K, 26 young (26624K), 3 survivors (3072K)
 Metaspace       used 20455K, capacity 21229K, committed 21248K, reserved 1069056K
  class space    used 2237K, capacity 2544K, committed 2560K, reserved 1048576K
}
Event: 2.322 GC heap after
{Heap after GC invocations=4 (full 0):
 garbage-first heap   total 262144K, used 10134K [0x0000000700a00000, 0x0000000800000000)
  region size 1024K, 4 young (4096K), 4 survivors (4096K)
 Metaspace       used 20455K, capacity 21229K, committed 21248K, reserved 1069056K
  class space    used 2237K, capacity 2544K, committed 2560K, reserved 1048576K
}
Event: 3.226 GC heap before
{Heap before GC invocations=5 (full 0):
 garbage-first heap   total 262144K, used 80790K [0x0000000700a00000, 0x0000000800000000)
  region size 1024K, 73 young (74752K), 4 survivors (4096K)
 Metaspace       used 29692K, capacity 30669K, committed 30720K, reserved 1077248K
  class space    used 3414K, capacity 3804K, committed 3840K, reserved 1048576K
}
Event: 3.232 GC heap after
{Heap after GC invocations=6 (full 0):
 garbage-first heap   total 262144K, used 12637K [0x0000000700a00000, 0x0000000800000000)
  region size 1024K, 6 young (6144K), 6 survivors (6144K)
 Metaspace       used 29692K, capacity 30669K, committed 30720K, reserved 1077248K
  class space    used 3414K, capacity 3804K, committed 3840K, reserved 1048576K
}
Event: 4.144 GC heap before
{Heap before GC invocations=6 (full 0):
 garbage-first heap   total 262144K, used 68957K [0x0000000700a00000, 0x0000000800000000)
  region size 1024K, 62 young (63488K), 6 survivors (6144K)
 Metaspace       used 34622K, capacity 35732K, committed 35840K, reserved 1081344K
  class space    used 4059K, capacity 4519K, committed 4608K, reserved 1048576K
}
Event: 4.154 GC heap after
{Heap after GC invocations=7 (full 0):
 garbage-first heap   total 262144K, used 14452K [0x0000000700a00000, 0x0000000800000000)
  region size 1024K, 8 young (8192K), 8 survivors (8192K)
 Metaspace       used 34622K, capacity 35732K, committed 35840K, reserved 1081344K
  class space    used 4059K, capacity 4519K, committed 4608K, reserved 1048576K
}

