# JRE version: OpenJDK Runtime Environment Corretto-11.0.22.7.1 (11.0.22+7) (build 11.0.22+7-LTS)
# Java VM: OpenJDK 64-Bit Server VM Corretto-11.0.22.7.1 (11.0.22+7-LTS, mixed mode, tiered, compressed oops, g1 gc, windows-amd64)
Heap:
 garbage-first heap   total 262144K, used 139926K [0x0000000700a00000, 0x0000000800000000)
  region size 1024K, 131 young (134144K), 7 survivors (7168K)
 Metaspace       used 54818K, capacity 56360K, committed 56576K, reserved 1097728K
  class space    used 6726K, capacity 7325K, committed 7424K, reserved 1048576K
GC Heap History (14 events):
Event: 1.306 GC heap before
{Heap before GC invocations=0 (full 0):
 garbage-first heap   total 262144K, used 14336K [0x0000000700a00000, 0x0000000800000000)
  region size 1024K, 14 young (14336K), 0 survivors (0K)
 Metaspace       used 8977K, capacity 9171K, committed 9344K, reserved 1058816K
  class space    used 794K, capacity 844K, committed 896K, reserved 1048576K
}
Event: 1.310 GC heap after
{Heap after GC invocations=1 (full 0):
 garbage-first heap   total 262144K, used 6913K [0x0000000700a00000, 0x0000000800000000)
  region size 1024K, 2 young (2048K), 2 survivors (2048K)
 Metaspace       used 8977K, capacity 9171K, committed 9344K, reserved 1058816K
  class space    used 794K, capacity 844K, committed 896K, reserved 1048576K
}
Event: 1.511 GC heap before
{Heap before GC invocations=1 (full 0):
 garbage-first heap   total 262144K, used 17153K [0x0000000700a00000, 0x0000000800000000)
  region size 1024K, 12 young (12288K), 2 survivors (2048K)
 Metaspace       used 10421K, capacity 10785K, committed 10880K, reserved 1058816K
  class space    used 984K, capacity 1087K, committed 1152K, reserved 1048576K
}
Event: 1.513 GC heap after
{Heap after GC invocations=2 (full 0):
 garbage-first heap   total 262144K, used 7236K [0x0000000700a00000, 0x0000000800000000)
  region size 1024K, 1 young (1024K), 1 survivors (1024K)
 Metaspace       used 10421K, capacity 10785K, committed 10880K, reserved 1058816K
  class space    used 984K, capacity 1087K, committed 1152K, reserved 1048576K
}
Event: 2.191 GC heap before
{Heap before GC invocations=2 (full 0):
 garbage-first heap   total 262144K, used 36932K [0x0000000700a00000, 0x0000000800000000)
  region size 1024K, 30 young (30720K), 1 survivors (1024K)
 Metaspace       used 15717K, capacity 16343K, committed 16512K, reserved 1064960K
  class space    used 1629K, capacity 1875K, committed 1920K, reserved 1048576K
}
Event: 2.194 GC heap after
{Heap after GC invocations=3 (full 0):
 garbage-first heap   total 262144K, used 8682K [0x0000000700a00000, 0x0000000800000000)
  region size 1024K, 2 young (2048K), 2 survivors (2048K)
 Metaspace       used 15717K, capacity 16343K, committed 16512K, reserved 1064960K
  class space    used 1629K, capacity 1875K, committed 1920K, reserved 1048576K
}
Event: 2.788 GC heap before
{Heap before GC invocations=3 (full 0):
 garbage-first heap   total 262144K, used 39402K [0x0000000700a00000, 0x0000000800000000)
  region size 1024K, 33 young (33792K), 2 survivors (2048K)
 Metaspace       used 20473K, capacity 21196K, committed 21248K, reserved 1069056K
  class space    used 2238K, capacity 2541K, committed 2560K, reserved 1048576K
}
Event: 2.792 GC heap after
{Heap after GC invocations=4 (full 0):
 garbage-first heap   total 262144K, used 9878K [0x0000000700a00000, 0x0000000800000000)
  region size 1024K, 3 young (3072K), 3 survivors (3072K)
 Metaspace       used 20473K, capacity 21196K, committed 21248K, reserved 1069056K
  class space    used 2238K, capacity 2541K, committed 2560K, reserved 1048576K
}
Event: 3.473 GC heap before
{Heap before GC invocations=5 (full 0):
 garbage-first heap   total 262144K, used 61078K [0x0000000700a00000, 0x0000000800000000)
  region size 1024K, 53 young (54272K), 3 survivors (3072K)
 Metaspace       used 27663K, capacity 28637K, committed 28928K, reserved 1075200K
  class space    used 3136K, capacity 3488K, committed 3584K, reserved 1048576K
}
Event: 3.478 GC heap after
{Heap after GC invocations=6 (full 0):
 garbage-first heap   total 262144K, used 11285K [0x0000000700a00000, 0x0000000800000000)
  region size 1024K, 5 young (5120K), 5 survivors (5120K)
 Metaspace       used 27663K, capacity 28637K, committed 28928K, reserved 1075200K
  class space    used 3136K, capacity 3488K, committed 3584K, reserved 1048576K
}
Event: 4.770 GC heap before
{Heap before GC invocations=6 (full 0):
 garbage-first heap   total 262144K, used 89109K [0x0000000700a00000, 0x0000000800000000)
  region size 1024K, 81 young (82944K), 5 survivors (5120K)
 Metaspace       used 34245K, capacity 35336K, committed 35456K, reserved 1081344K
  class space    used 3966K, capacity 4396K, committed 4480K, reserved 1048576K
}
Event: 4.777 GC heap after
{Heap after GC invocations=7 (full 0):
 garbage-first heap   total 262144K, used 13698K [0x0000000700a00000, 0x0000000800000000)
  region size 1024K, 7 young (7168K), 7 survivors (7168K)
 Metaspace       used 34245K, capacity 35336K, committed 35456K, reserved 1081344K
  class space    used 3966K, capacity 4396K, committed 4480K, reserved 1048576K
}
Event: 4.910 GC heap before
{Heap before GC invocations=7 (full 0):
 garbage-first heap   total 262144K, used 18818K [0x0000000700a00000, 0x0000000800000000)
  region size 1024K, 13 young (13312K), 7 survivors (7168K)
 Metaspace       used 34670K, capacity 35774K, committed 35840K, reserved 1081344K
  class space    used 4019K, capacity 4449K, committed 4480K, reserved 1048576K
}
Event: 4.917 GC heap after
{Heap after GC invocations=8 (full 0):
 garbage-first heap   total 262144K, used 13974K [0x0000000700a00000, 0x0000000800000000)
  region size 1024K, 7 young (7168K), 7 survivors (7168K)
 Metaspace       used 34670K, capacity 35774K, committed 35840K, reserved 1081344K
  class space    used 4019K, capacity 4449K, committed 4480K, reserved 1048576K
}

